<?xml version="1.0" encoding="UTF-8"?>
<!-- Generated by org.testng.reporters.JUnitReportReporter -->
<testsuite hostname="BLRLA00140.local" name="tests.TestShipmentApi" tests="1" failures="0" timestamp="7 Aug 2018 13:43:15 GMT" time="0.094" errors="0">
  <testcase name="createShipment" time="0.094" classname="tests.TestShipmentApi"/>
</testsuite> <!-- tests.TestShipmentApi -->
