<?xml version="1.0" encoding="UTF-8"?>
<!-- Generated by org.testng.reporters.JUnitReportReporter -->
<testsuite hostname="BLRLA00140.local" name="tests.TestAcceptApi" tests="1" failures="0" timestamp="8 Aug 2018 05:18:51 GMT" time="3.545" errors="0">
  <testcase name="acceptTenderShipment" time="3.545" classname="tests.TestAcceptApi"/>
</testsuite> <!-- tests.TestAcceptApi -->
